Using pre-set license
Built from '2020.2/release' branch; Version is '2020.2.2f1 (068178b99f32) revision 426360'; Using compiler version '192528614'; Build Type 'Release'
OS: 'Windows 10 Enterprise; OS build 18363.1440; Version 1909; 64bit' Language: 'en' Physical Memory: 16304 MB
BatchMode: 1, IsHumanControllingUs: 0, StartBugReporterOnCrash: 0, Is64bit: 1, IsPro: 0

 COMMAND LINE ARGUMENTS:
C:\Program Files\Unity\Hub\Editor\2020.2.2f1\Editor\Unity.exe
-adb2
-batchMode
-noUpm
-name
AssetImportWorker0
-projectPath
C:/Users/guy.twemlow/Documents/GitHub/Networking/Networking
-logFile
Logs/AssetImportWorker0.log
-srvPort
49650
Successfully changed project path to: C:/Users/guy.twemlow/Documents/GitHub/Networking/Networking
C:/Users/guy.twemlow/Documents/GitHub/Networking/Networking
Using Asset Import Pipeline V2.
Refreshing native plugins compatible for Editor in 30.53 ms, found 0 plugins.
Preloading 0 native plugins for Editor in 0.00 ms.
Initialize engine version: 2020.2.2f1 (068178b99f32)
[Subsystems] Discovering subsystems at path C:/Program Files/Unity/Hub/Editor/2020.2.2f1/Editor/Data/Resources/UnitySubsystems
[Subsystems] Discovering subsystems at path C:/Users/guy.twemlow/Documents/GitHub/Networking/Networking/Assets
GfxDevice: creating device client; threaded=0
Direct3D:
    Version:  Direct3D 11.0 [level 11.0]
    Renderer: NVIDIA Quadro K2200  (ID=0x13ba)
    Vendor:   
    VRAM:     4035 MB
    Driver:   10.18.13.5362
Initialize mono
Mono path[0] = 'C:/Program Files/Unity/Hub/Editor/2020.2.2f1/Editor/Data/Managed'
Mono path[1] = 'C:/Program Files/Unity/Hub/Editor/2020.2.2f1/Editor/Data/MonoBleedingEdge/lib/mono/unityjit'
Mono config path = 'C:/Program Files/Unity/Hub/Editor/2020.2.2f1/Editor/Data/MonoBleedingEdge/etc'
Using monoOptions --debugger-agent=transport=dt_socket,embedding=1,server=y,suspend=n,address=127.0.0.1:56140
Begin MonoManager ReloadAssembly
Registering precompiled unity dll's ...
Register platform support module: C:/Program Files/Unity/Hub/Editor/2020.2.2f1/Editor/Data/PlaybackEngines/WindowsStandaloneSupport/UnityEditor.WindowsStandalone.Extensions.dll
Registered in 0.001250 seconds.
Native extension for WindowsStandalone target not found
Refreshing native plugins compatible for Editor in 28.13 ms, found 0 plugins.
Preloading 0 native plugins for Editor in 0.00 ms.
Invoked RoslynAnalysisRunner static constructor.
RoslynAnalysisRunner will not be running.
RoslynAnalysisRunner has terminated.
Mono: successfully reloaded assembly
- Completed reload, in  1.891 seconds
Platform modules already initialized, skipping
Registering precompiled user dll's ...
Registered in 0.003262 seconds.
Begin MonoManager ReloadAssembly
Native extension for WindowsStandalone target not found
Refreshing native plugins compatible for Editor in 0.28 ms, found 0 plugins.
Preloading 0 native plugins for Editor in 0.00 ms.
Invoked RoslynAnalysisRunner static constructor.
RoslynAnalysisRunner will not be running.
RoslynAnalysisRunner has terminated.
Find all reader and writers took 151 milliseconds
Script Module: UnityEngine.UI.dll
Weave behaviours and messages took138 milliseconds
Find all reader and writers took 118 milliseconds
Script Module: UnityEngine.TestRunner.dll
Weave behaviours and messages took52 milliseconds
Find all reader and writers took 117 milliseconds
Script Module: SimpleWebTransport.dll
Weave behaviours and messages took14 milliseconds
Find all reader and writers took 119 milliseconds
Script Module: Unity.Timeline.dll
Weave behaviours and messages took64 milliseconds
Find all reader and writers took 124 milliseconds
Script Module: Mirror.Examples.dll
[Projectile] NetworkBehaviourProcessor
[Tank] NetworkBehaviourProcessor
[NetworkRoomPlayer] NetworkBehaviourProcessor
[NetworkRoomPlayerExt] NetworkBehaviourProcessor
[PlayerController] NetworkBehaviourProcessor
[PlayerScore] NetworkBehaviourProcessor
[RandomColor] NetworkBehaviourProcessor
[Reward] NetworkBehaviourProcessor
[AddForce] NetworkBehaviourProcessor
[Ball] NetworkBehaviourProcessor
[Player] NetworkBehaviourProcessor
[MatchController] NetworkBehaviourProcessor
[PhysicsCollision] NetworkBehaviourProcessor
[PlayerController] NetworkBehaviourProcessor
[PlayerScore] NetworkBehaviourProcessor
[RandomColor] NetworkBehaviourProcessor
[Reward] NetworkBehaviourProcessor
[Player] NetworkBehaviourProcessor
[MonsterMovement] NetworkBehaviourProcessor
[PlayerMovement] NetworkBehaviourProcessor
[Player] NetworkBehaviourProcessor
[PlayerController] NetworkBehaviourProcessor
[RandomColor] NetworkBehaviourProcessor
[ShootingTankBehaviour] NetworkBehaviourProcessor
Weave behaviours and messages took41 milliseconds
  ProcessSitesModule Mirror.Examples.dll elapsed time:00:00:00.0112092
Find all reader and writers took 116 milliseconds
Script Module: Mirror.Components.dll
[NetworkAnimator] NetworkBehaviourProcessor
[NetworkRoomPlayer] NetworkBehaviourProcessor
[NetworkLobbyPlayer] NetworkBehaviourProcessor
[NetworkVisibility] NetworkBehaviourProcessor
[NetworkVisibility] Found NetworkBehaviour Mirror.NetworkVisibility
[NetworkVisibility] Process Start
[NetworkVisibility]   GenerateSerialization
[NetworkVisibility]   GenerateDeSerialization
[NetworkVisibility] Process Done
[NetworkMatchChecker] NetworkBehaviourProcessor
[NetworkVisibility] NetworkBehaviourProcessor
[NetworkOwnerChecker] NetworkBehaviourProcessor
[NetworkVisibility] NetworkBehaviourProcessor
[NetworkProximityChecker] NetworkBehaviourProcessor
[NetworkRoomPlayer] NetworkBehaviourProcessor
[NetworkVisibility] NetworkBehaviourProcessor
[NetworkSceneChecker] NetworkBehaviourProcessor
[NetworkTransformBase] NetworkBehaviourProcessor
[NetworkTransform] NetworkBehaviourProcessor
[NetworkTransformBase] NetworkBehaviourProcessor
[NetworkTransformBase] NetworkBehaviourProcessor
[NetworkTransformChild] NetworkBehaviourProcessor
[NetworkLerpRigidbody] NetworkBehaviourProcessor
[NetworkRigidbody] NetworkBehaviourProcessor
[NetworkRigidbody2D] NetworkBehaviourProcessor
[NetworkTransformBase] NetworkBehaviourProcessor
[NetworkTransform] NetworkBehaviourProcessor
[NetworkTransformBase] NetworkBehaviourProcessor
[NetworkTransformBase] NetworkBehaviourProcessor
[NetworkTransformChild] NetworkBehaviourProcessor
Weave behaviours and messages took41 milliseconds
  ProcessSitesModule Mirror.Components.dll elapsed time:00:00:00.0021412
Find all reader and writers took 114 milliseconds
Script Module: Mirror.Tests.Common.dll
Weave behaviours and messages took3 milliseconds
Find all reader and writers took 147 milliseconds
Script Module: Unity.TextMeshPro.dll
Weave behaviours and messages took157 milliseconds
Find all reader and writers took 108 milliseconds
Script Module: Mirror.Tests.Runtime.dll
Weave behaviours and messages took11 milliseconds
Find all reader and writers took 109 milliseconds
Script Module: Telepathy.dll
Weave behaviours and messages took7 milliseconds
Find all reader and writers took 117 milliseconds
Script Module: Mirror.Authenticators.dll
Weave behaviours and messages took5 milliseconds
  ProcessSitesModule Mirror.Authenticators.dll elapsed time:00:00:00
Find all reader and writers took 111 milliseconds
Script Module: kcp2k.dll
Weave behaviours and messages took10 milliseconds
Find all reader and writers took 116 milliseconds
Script Module: Assembly-CSharp.dll
[BattlecarsPlayerNet] NetworkBehaviourProcessor
Weave behaviours and messages took6 milliseconds
Find all reader and writers took 113 milliseconds
Script Module: Mirror.Examples.Cloud.GUI.dll
Weave behaviours and messages took6 milliseconds
Find all reader and writers took 117 milliseconds
Script Module: Mirror.Cloud.dll
Weave behaviours and messages took6 milliseconds
Find all reader and writers took 114 milliseconds
Script Module: Mirror.Examples.Cloud.Pong.dll
[Ball] NetworkBehaviourProcessor
[BallManager] NetworkBehaviourProcessor
[Player] NetworkBehaviourProcessor
Weave behaviours and messages took6 milliseconds
  ProcessSitesModule Mirror.Examples.Cloud.Pong.dll elapsed time:00:00:00
Find all reader and writers took 111 milliseconds
Script Module: Mirror.Tests.Performance.Runtime.dll
Weave behaviours and messages took0 milliseconds
Find all reader and writers took 162 milliseconds
Script Module: UnityEditor.TestRunner.dll
Weave behaviours and messages took78 milliseconds
Find all reader and writers took 154 milliseconds
Script Module: UnityEditor.UI.dll
Weave behaviours and messages took23 milliseconds
Find all reader and writers took 164 milliseconds
Script Module: Mirror.Tests.dll
[EmptyBehaviour] NetworkBehaviourProcessor
[SyncVarGameObjectEqualExposedBehaviour] NetworkBehaviourProcessor
[SyncVarNetworkIdentityEqualExposedBehaviour] NetworkBehaviourProcessor
[NetworkBehaviourSendCommandInternalComponent] NetworkBehaviourProcessor
[NetworkBehaviourSendRPCInternalComponent] NetworkBehaviourProcessor
[NetworkBehaviourSendTargetRPCInternalComponent] NetworkBehaviourProcessor
[NetworkBehaviourDelegateComponent] NetworkBehaviourProcessor
[NetworkBehaviourSetSyncVarGameObjectComponent] NetworkBehaviourProcessor
[NetworkBehaviourGetSyncVarGameObjectComponent] NetworkBehaviourProcessor
[NetworkBehaviourSetSyncVarNetworkIdentityComponent] NetworkBehaviourProcessor
[NetworkBehaviourGetSyncVarNetworkIdentityComponent] NetworkBehaviourProcessor
[NetworkBehaviourInitSyncObjectExposed] NetworkBehaviourProcessor
[OnStopClientComponent] NetworkBehaviourProcessor
[OnStartClientComponent] NetworkBehaviourProcessor
[OnStartLocalPlayerComponent] NetworkBehaviourProcessor
[NetworkBehaviourHookGuardTester] NetworkBehaviourProcessor
[NetworkBehaviourInitSyncObjectTester] NetworkBehaviourProcessor
[CommandTestNetworkBehaviour] NetworkBehaviourProcessor
[RpcTestNetworkBehaviour] NetworkBehaviourProcessor
[OnStartClientTestNetworkBehaviour] NetworkBehaviourProcessor
[OnStopClientTestNetworkBehaviour] NetworkBehaviourProcessor
[TestObjectBehaviour] NetworkBehaviourProcessor
[TestPlayerBehaviour] NetworkBehaviourProcessor
[HookBehaviour] NetworkBehaviourProcessor
[GameObjectHookBehaviour] NetworkBehaviourProcessor
[NetworkIdentityHookBehaviour] NetworkBehaviourProcessor
[NetworkBehaviourHookBehaviour] NetworkBehaviourProcessor
[StaticHookBehaviour] NetworkBehaviourProcessor
[VirtualHookBase] NetworkBehaviourProcessor
[VirtualHookBase] NetworkBehaviourProcessor
[VirtualOverrideHook] NetworkBehaviourProcessor
[AbstractHookBase] NetworkBehaviourProcessor
[AbstractHookBase] NetworkBehaviourProcessor
[AbstractHook] NetworkBehaviourProcessor
[MockPlayer] NetworkBehaviourProcessor
[SyncVarGameObject] NetworkBehaviourProcessor
[SyncVarNetworkIdentity] NetworkBehaviourProcessor
[SyncVarTransform] NetworkBehaviourProcessor
[SyncVarNetworkBehaviour] NetworkBehaviourProcessor
[AbstractBehaviour] NetworkBehaviourProcessor
[BehaviourWithSyncVar] NetworkBehaviourProcessor
[AbstractBehaviour] NetworkBehaviourProcessor
[OverrideBehaviourFromSyncVar] NetworkBehaviourProcessor
[AbstractBehaviour] NetworkBehaviourProcessor
[OverrideBehaviourWithSyncVarFromSyncVar] NetworkBehaviourProcessor
[AbstractBehaviour] NetworkBehaviourProcessor
[MiddleClass] NetworkBehaviourProcessor
[AbstractBehaviour] NetworkBehaviourProcessor
[MiddleClass] NetworkBehaviourProcessor
[SubClass] NetworkBehaviourProcessor
[AbstractBehaviour] NetworkBehaviourProcessor
[MiddleClassWithSyncVar] NetworkBehaviourProcessor
[AbstractBehaviour] NetworkBehaviourProcessor
[MiddleClassWithSyncVar] NetworkBehaviourProcessor
[SubClassFromSyncVar] NetworkBehaviourProcessor
[BehaviourWithSyncVarWithOnSerialize] NetworkBehaviourProcessor
[AbstractBehaviour] NetworkBehaviourProcessor
[OverrideBehaviourFromSyncVarWithOnSerialize] NetworkBehaviourProcessor
[AbstractBehaviour] NetworkBehaviourProcessor
[OverrideBehaviourWithSyncVarFromSyncVarWithOnSerialize] NetworkBehaviourProcessor
[AttributeBehaviour_NetworkBehaviour] NetworkBehaviourProcessor
[DataSenderBehaviour] NetworkBehaviourProcessor
[PayloadTestBehaviour] NetworkBehaviourProcessor
[BehaviourWithEvents] NetworkBehaviourProcessor
[VirtualClientRpc] NetworkBehaviourProcessor
[VirtualClientRpc] NetworkBehaviourProcessor
[VirtualNoOverrideClientRpc] NetworkBehaviourProcessor
[VirtualClientRpc] NetworkBehaviourProcessor
[VirtualOverrideClientRpc] NetworkBehaviourProcessor
[VirtualClientRpc] NetworkBehaviourProcessor
[VirtualOverrideClientRpcWithBase] NetworkBehaviourProcessor
[ClientRpcBehaviour] NetworkBehaviourProcessor
[ExcludeOwnerBehaviour] NetworkBehaviourProcessor
[VirtualCommand] NetworkBehaviourProcessor
[VirtualCommand] NetworkBehaviourProcessor
[VirtualNoOverrideCommand] NetworkBehaviourProcessor
[VirtualCommand] NetworkBehaviourProcessor
[VirtualOverrideCommand] NetworkBehaviourProcessor
[VirtualCommand] NetworkBehaviourProcessor
[VirtualOverrideCommandWithBase] NetworkBehaviourProcessor
[VirtualCommand] NetworkBehaviourProcessor
[VirtualOverrideCommandWithBase] NetworkBehaviourProcessor
[VirtualOverrideCommandWithBase2] NetworkBehaviourProcessor
[AuthorityBehaviour] NetworkBehaviourProcessor
[IgnoreAuthorityBehaviour] NetworkBehaviourProcessor
[SenderConnectionBehaviour] NetworkBehaviourProcessor
[SenderConnectionIgnoreAuthorityBehaviour] NetworkBehaviourProcessor
[ThrowBehaviour] NetworkBehaviourProcessor
[RpcNetworkIdentityBehaviour] NetworkBehaviourProcessor
[VirtualTargetRpc] NetworkBehaviourProcessor
[VirtualTargetRpc] NetworkBehaviourProcessor
[VirtualNoOverrideTargetRpc] NetworkBehaviourProcessor
[VirtualTargetRpc] NetworkBehaviourProcessor
[VirtualOverrideTargetRpc] NetworkBehaviourProcessor
[VirtualTargetRpc] NetworkBehaviourProcessor
[VirtualOverrideTargetRpcWithBase] NetworkBehaviourProcessor
[TargetRpcBehaviour] NetworkBehaviourProcessor
Weave behaviours and messages took192 milliseconds
  ProcessSitesModule Mirror.Tests.dll elapsed time:00:00:00.0132570
Find all reader and writers took 127 milliseconds
Script Module: WeaverTestExtraAssembly.dll
Weave behaviours and messages took3 milliseconds
  ProcessSitesModule WeaverTestExtraAssembly.dll elapsed time:00:00:00.0010402
Find all reader and writers took 120 milliseconds
Script Module: Mirror.CompilerSymbols.dll
Weave behaviours and messages took0 milliseconds
Mono: successfully reloaded assembly
- Completed reload, in  9.291 seconds
Platform modules already initialized, skipping
========================================================================
Worker process is ready to serve import requests
Launched and connected shader compiler UnityShaderCompiler.exe after 0.05 seconds
Refreshing native plugins compatible for Editor in 0.32 ms, found 0 plugins.
Preloading 0 native plugins for Editor in 0.00 ms.
Unloading 1491 Unused Serialized files (Serialized files now loaded: 0)
System memory in use before: 69.5 MB.
System memory in use after: 69.6 MB.

Unloading 18 unused Assets to reduce memory usage. Loaded Objects now: 1925.
Total: 2.309800 ms (FindLiveObjects: 0.134100 ms CreateObjectMapping: 0.048200 ms MarkObjects: 2.019300 ms  DeleteObjects: 0.107600 ms)

========================================================================
Received Import Request.
  path: Assets/ScriptTemplates
  artifactKey: Guid(8c00361129d75a941a732ef88e326a4f) Importer(815301076,1909f56bfc062723c751e8b465ee728b)
Start importing Assets/ScriptTemplates using Guid(8c00361129d75a941a732ef88e326a4f) Importer(815301076,1909f56bfc062723c751e8b465ee728b)  -> (artifact id: '564193dafaae139d3c4c10cb4a0806f2') in 0.007999 seconds
  Import took 0.013228 seconds .

========================================================================
Received Import Request.
  Time since last request: 9.465977 seconds.
  path: Assets/Sci-Fi Multiplayer/Scripts/Player
  artifactKey: Guid(53f35ef06ae89de4799d5a7a82ce8fb1) Importer(815301076,1909f56bfc062723c751e8b465ee728b)
Start importing Assets/Sci-Fi Multiplayer/Scripts/Player using Guid(53f35ef06ae89de4799d5a7a82ce8fb1) Importer(815301076,1909f56bfc062723c751e8b465ee728b)  -> (artifact id: 'e4120c54ee87d643f753dc0c1075e653') in 0.011038 seconds
  Import took 0.013478 seconds .

========================================================================
Received Import Request.
  Time since last request: 0.000617 seconds.
  path: Assets/Sci-Fi Multiplayer/Scripts/Player
  artifactKey: Guid(53f35ef06ae89de4799d5a7a82ce8fb1) Importer(815301076,1909f56bfc062723c751e8b465ee728b)
Start importing Assets/Sci-Fi Multiplayer/Scripts/Player using Guid(53f35ef06ae89de4799d5a7a82ce8fb1) Importer(815301076,1909f56bfc062723c751e8b465ee728b)  -> (artifact id: 'e4120c54ee87d643f753dc0c1075e653') in 0.003924 seconds
  Import took 0.006883 seconds .

========================================================================
Received Import Request.
  Time since last request: 14.190114 seconds.
  path: Assets/Sci-Fi Multiplayer/Scripts/Player/PlayerMotor.cs
  artifactKey: Guid(1925b863e8f9f5845b26296113362de3) Importer(815301076,1909f56bfc062723c751e8b465ee728b)
Start importing Assets/Sci-Fi Multiplayer/Scripts/Player/PlayerMotor.cs using Guid(1925b863e8f9f5845b26296113362de3) Importer(815301076,1909f56bfc062723c751e8b465ee728b)  -> (artifact id: '36086daa5ce533c0d0f2a0013c8cf1bc') in 0.033646 seconds
  Import took 0.036298 seconds .

========================================================================
Received Prepare
Registering precompiled user dll's ...
Registered in 0.004748 seconds.
Begin MonoManager ReloadAssembly
Native extension for WindowsStandalone target not found
Refreshing native plugins compatible for Editor in 0.28 ms, found 0 plugins.
Preloading 0 native plugins for Editor in 0.00 ms.
Invoked RoslynAnalysisRunner static constructor.
RoslynAnalysisRunner will not be running.
RoslynAnalysisRunner has terminated.
Mono: successfully reloaded assembly
- Completed reload, in  1.083 seconds
Platform modules already initialized, skipping
Refreshing native plugins compatible for Editor in 0.35 ms, found 0 plugins.
Preloading 0 native plugins for Editor in 0.00 ms.
Unloading 1474 Unused Serialized files (Serialized files now loaded: 0)
System memory in use before: 68.7 MB.
System memory in use after: 68.8 MB.

Unloading 13 unused Assets to reduce memory usage. Loaded Objects now: 1928.
Total: 1.644400 ms (FindLiveObjects: 0.241500 ms CreateObjectMapping: 0.066600 ms MarkObjects: 1.258400 ms  DeleteObjects: 0.077000 ms)

========================================================================
Received Import Request.
  Time since last request: 28.935244 seconds.
  path: Assets/Sci-Fi Multiplayer/Scripts/Networking/BattlecarsNetworkManager.cs
  artifactKey: Guid(784bad2207236be429f71ed32553f02c) Importer(815301076,1909f56bfc062723c751e8b465ee728b)
Start importing Assets/Sci-Fi Multiplayer/Scripts/Networking/BattlecarsNetworkManager.cs using Guid(784bad2207236be429f71ed32553f02c) Importer(815301076,1909f56bfc062723c751e8b465ee728b)  -> (artifact id: '6d7be2d543ac4dd5df91255ac13d83e0') in 0.014547 seconds
  Import took 0.020503 seconds .

========================================================================
Received Import Request.
  Time since last request: 8.702025 seconds.
  path: Assets/Sci-Fi Multiplayer/Scripts/Networking/BattlecarsPlayerNet.cs
  artifactKey: Guid(b102bdef4d31a284ca05b80f41c887c8) Importer(815301076,1909f56bfc062723c751e8b465ee728b)
Start importing Assets/Sci-Fi Multiplayer/Scripts/Networking/BattlecarsPlayerNet.cs using Guid(b102bdef4d31a284ca05b80f41c887c8) Importer(815301076,1909f56bfc062723c751e8b465ee728b)  -> (artifact id: '3b72e4e1e322b394d97be72feef7270d') in 0.012176 seconds
  Import took 0.014870 seconds .

========================================================================
Received Prepare
Registering precompiled user dll's ...
Registered in 0.003125 seconds.
Begin MonoManager ReloadAssembly
Native extension for WindowsStandalone target not found
Refreshing native plugins compatible for Editor in 0.29 ms, found 0 plugins.
Preloading 0 native plugins for Editor in 0.00 ms.
Invoked RoslynAnalysisRunner static constructor.
RoslynAnalysisRunner will not be running.
RoslynAnalysisRunner has terminated.
Mono: successfully reloaded assembly
- Completed reload, in  0.805 seconds
Platform modules already initialized, skipping
Refreshing native plugins compatible for Editor in 0.34 ms, found 0 plugins.
Preloading 0 native plugins for Editor in 0.00 ms.
Unloading 1474 Unused Serialized files (Serialized files now loaded: 0)
System memory in use before: 68.9 MB.
System memory in use after: 69.0 MB.

Unloading 13 unused Assets to reduce memory usage. Loaded Objects now: 1930.
Total: 1.980500 ms (FindLiveObjects: 0.170000 ms CreateObjectMapping: 0.058300 ms MarkObjects: 1.632900 ms  DeleteObjects: 0.118000 ms)

========================================================================
Received Prepare
Registering precompiled user dll's ...
Registered in 0.003760 seconds.
Begin MonoManager ReloadAssembly
Native extension for WindowsStandalone target not found
Refreshing native plugins compatible for Editor in 0.32 ms, found 0 plugins.
Preloading 0 native plugins for Editor in 0.00 ms.
Invoked RoslynAnalysisRunner static constructor.
RoslynAnalysisRunner will not be running.
RoslynAnalysisRunner has terminated.
Mono: successfully reloaded assembly
- Completed reload, in  0.827 seconds
Platform modules already initialized, skipping
Refreshing native plugins compatible for Editor in 0.30 ms, found 0 plugins.
Preloading 0 native plugins for Editor in 0.00 ms.
Unloading 1474 Unused Serialized files (Serialized files now loaded: 0)
System memory in use before: 69.1 MB.
System memory in use after: 69.2 MB.

Unloading 13 unused Assets to reduce memory usage. Loaded Objects now: 1932.
Total: 1.573600 ms (FindLiveObjects: 0.128200 ms CreateObjectMapping: 0.042100 ms MarkObjects: 1.316100 ms  DeleteObjects: 0.086500 ms)

========================================================================
Received Import Request.
  Time since last request: 713.490936 seconds.
  path: Assets/Sci-Fi Multiplayer/Scenes/InGameMenus.unity
  artifactKey: Guid(a9f84b7b89b30bf4a8fac95e4a09d2d2) Importer(815301076,1909f56bfc062723c751e8b465ee728b)
Start importing Assets/Sci-Fi Multiplayer/Scenes/InGameMenus.unity using Guid(a9f84b7b89b30bf4a8fac95e4a09d2d2) Importer(815301076,1909f56bfc062723c751e8b465ee728b)  -> (artifact id: '30189b6ba4e3f7271f6200e04699894e') in 0.016954 seconds
  Import took 0.021551 seconds .

========================================================================
Received Import Request.
  Time since last request: 2.389618 seconds.
  path: Assets/Sci-Fi Multiplayer/Scenes/Offline.unity
  artifactKey: Guid(6ead3ad97dced444c9032e89341a446d) Importer(815301076,1909f56bfc062723c751e8b465ee728b)
Start importing Assets/Sci-Fi Multiplayer/Scenes/Offline.unity using Guid(6ead3ad97dced444c9032e89341a446d) Importer(815301076,1909f56bfc062723c751e8b465ee728b)  -> (artifact id: '9c8819aa8a659ba475bd03053f9274da') in 0.008796 seconds
  Import took 0.011115 seconds .

========================================================================
Received Import Request.
  Time since last request: 313.415829 seconds.
  path: Assets/Sci-Fi Multiplayer/Prefabs/Player.prefab
  artifactKey: Guid(bc5ff05ef45fb8741a6261ccee7f8bd9) Importer(815301076,1909f56bfc062723c751e8b465ee728b)
Start importing Assets/Sci-Fi Multiplayer/Prefabs/Player.prefab using Guid(bc5ff05ef45fb8741a6261ccee7f8bd9) Importer(815301076,1909f56bfc062723c751e8b465ee728b)  -> (artifact id: 'cd5b63376fd625163b8043328d443fda') in 0.032574 seconds
  Import took 0.038772 seconds .

========================================================================
Received Prepare
Registering precompiled user dll's ...
Registered in 0.003159 seconds.
Begin MonoManager ReloadAssembly
Native extension for WindowsStandalone target not found
Refreshing native plugins compatible for Editor in 0.29 ms, found 0 plugins.
Preloading 0 native plugins for Editor in 0.00 ms.
Invoked RoslynAnalysisRunner static constructor.
RoslynAnalysisRunner will not be running.
RoslynAnalysisRunner has terminated.
Mono: successfully reloaded assembly
- Completed reload, in  0.847 seconds
Platform modules already initialized, skipping
Refreshing native plugins compatible for Editor in 0.49 ms, found 0 plugins.
Preloading 0 native plugins for Editor in 0.00 ms.
Unloading 1474 Unused Serialized files (Serialized files now loaded: 0)
System memory in use before: 69.3 MB.
System memory in use after: 69.4 MB.

Unloading 13 unused Assets to reduce memory usage. Loaded Objects now: 1934.
Total: 1.854800 ms (FindLiveObjects: 0.141900 ms CreateObjectMapping: 0.041700 ms MarkObjects: 1.593500 ms  DeleteObjects: 0.077000 ms)

========================================================================
Received Import Request.
  Time since last request: 12.512733 seconds.
  path: Assets/Sci-Fi Multiplayer/Prefabs/Player.prefab
  artifactKey: Guid(bc5ff05ef45fb8741a6261ccee7f8bd9) Importer(815301076,1909f56bfc062723c751e8b465ee728b)
Start importing Assets/Sci-Fi Multiplayer/Prefabs/Player.prefab using Guid(bc5ff05ef45fb8741a6261ccee7f8bd9) Importer(815301076,1909f56bfc062723c751e8b465ee728b)  -> (artifact id: '410be67f7126f08c7a4da4b049ad8486') in 0.027231 seconds
  Import took 0.031709 seconds .

========================================================================
Received Import Request.
  Time since last request: 5.661767 seconds.
  path: Assets/Sci-Fi Multiplayer/Prefabs/Player.prefab
  artifactKey: Guid(bc5ff05ef45fb8741a6261ccee7f8bd9) Importer(815301076,1909f56bfc062723c751e8b465ee728b)
Start importing Assets/Sci-Fi Multiplayer/Prefabs/Player.prefab using Guid(bc5ff05ef45fb8741a6261ccee7f8bd9) Importer(815301076,1909f56bfc062723c751e8b465ee728b)  -> (artifact id: '3f1dcb74b7a1b8be6af5a5c70e5ea73b') in 0.180944 seconds
  Import took 0.183931 seconds .

========================================================================
Received Prepare
Registering precompiled user dll's ...
Registered in 0.003911 seconds.
Begin MonoManager ReloadAssembly
Native extension for WindowsStandalone target not found
Refreshing native plugins compatible for Editor in 0.32 ms, found 0 plugins.
Preloading 0 native plugins for Editor in 0.00 ms.
Invoked RoslynAnalysisRunner static constructor.
RoslynAnalysisRunner will not be running.
RoslynAnalysisRunner has terminated.
Mono: successfully reloaded assembly
- Completed reload, in  0.813 seconds
Platform modules already initialized, skipping
Refreshing native plugins compatible for Editor in 0.39 ms, found 0 plugins.
Preloading 0 native plugins for Editor in 0.00 ms.
Unloading 1474 Unused Serialized files (Serialized files now loaded: 0)
System memory in use before: 72.6 MB.
System memory in use after: 72.6 MB.

Unloading 14 unused Assets to reduce memory usage. Loaded Objects now: 1944.
Total: 1.682300 ms (FindLiveObjects: 0.181200 ms CreateObjectMapping: 0.054300 ms MarkObjects: 1.397500 ms  DeleteObjects: 0.048600 ms)

========================================================================
Received Import Request.
  Time since last request: 132.522497 seconds.
  path: Assets/Sci-Fi Multiplayer/Scripts/Networking/BattlecarsPlayerNet.cs
  artifactKey: Guid(b102bdef4d31a284ca05b80f41c887c8) Importer(815301076,1909f56bfc062723c751e8b465ee728b)
Start importing Assets/Sci-Fi Multiplayer/Scripts/Networking/BattlecarsPlayerNet.cs using Guid(b102bdef4d31a284ca05b80f41c887c8) Importer(815301076,1909f56bfc062723c751e8b465ee728b)  -> (artifact id: '15482c0ccb52e5849434d82bac1a1157') in 0.005710 seconds
  Import took 0.008311 seconds .

========================================================================
Received Prepare
Registering precompiled user dll's ...
Registered in 0.006293 seconds.
Begin MonoManager ReloadAssembly
Native extension for WindowsStandalone target not found
Refreshing native plugins compatible for Editor in 0.30 ms, found 0 plugins.
Preloading 0 native plugins for Editor in 0.00 ms.
Invoked RoslynAnalysisRunner static constructor.
RoslynAnalysisRunner will not be running.
RoslynAnalysisRunner has terminated.
Mono: successfully reloaded assembly
- Completed reload, in  0.827 seconds
Platform modules already initialized, skipping
Refreshing native plugins compatible for Editor in 0.34 ms, found 0 plugins.
Preloading 0 native plugins for Editor in 0.00 ms.
Unloading 1474 Unused Serialized files (Serialized files now loaded: 0)
System memory in use before: 72.9 MB.
System memory in use after: 73.0 MB.

Unloading 13 unused Assets to reduce memory usage. Loaded Objects now: 1946.
Total: 1.693200 ms (FindLiveObjects: 0.176500 ms CreateObjectMapping: 0.051900 ms MarkObjects: 1.374900 ms  DeleteObjects: 0.088500 ms)

========================================================================
Received Import Request.
  Time since last request: 118.601720 seconds.
  path: Assets/Sci-Fi Multiplayer/Scripts/UI/LobbyPlayerSlot.cs
  artifactKey: Guid(7edbe59a99ca86c499a5b48767df8ce7) Importer(815301076,1909f56bfc062723c751e8b465ee728b)
Start importing Assets/Sci-Fi Multiplayer/Scripts/UI/LobbyPlayerSlot.cs using Guid(7edbe59a99ca86c499a5b48767df8ce7) Importer(815301076,1909f56bfc062723c751e8b465ee728b)  -> (artifact id: '54c5585f5927b4cf592cab086d29fdec') in 0.010337 seconds
  Import took 0.014874 seconds .

========================================================================
Received Prepare
Registering precompiled user dll's ...
Registered in 0.003115 seconds.
Begin MonoManager ReloadAssembly
Native extension for WindowsStandalone target not found
Refreshing native plugins compatible for Editor in 0.39 ms, found 0 plugins.
Preloading 0 native plugins for Editor in 0.00 ms.
Invoked RoslynAnalysisRunner static constructor.
RoslynAnalysisRunner will not be running.
RoslynAnalysisRunner has terminated.
Mono: successfully reloaded assembly
- Completed reload, in  0.830 seconds
Platform modules already initialized, skipping
Refreshing native plugins compatible for Editor in 0.32 ms, found 0 plugins.
Preloading 0 native plugins for Editor in 0.00 ms.
Unloading 1474 Unused Serialized files (Serialized files now loaded: 0)
System memory in use before: 73.2 MB.
System memory in use after: 73.2 MB.

Unloading 13 unused Assets to reduce memory usage. Loaded Objects now: 1948.
Total: 1.837000 ms (FindLiveObjects: 0.247600 ms CreateObjectMapping: 0.085500 ms MarkObjects: 1.409000 ms  DeleteObjects: 0.092900 ms)

========================================================================
Received Import Request.
  Time since last request: 153.317198 seconds.
  path: Assets/Sci-Fi Multiplayer/Scripts/UI/LobbyPlayerSlot.cs
  artifactKey: Guid(7edbe59a99ca86c499a5b48767df8ce7) Importer(815301076,1909f56bfc062723c751e8b465ee728b)
Start importing Assets/Sci-Fi Multiplayer/Scripts/UI/LobbyPlayerSlot.cs using Guid(7edbe59a99ca86c499a5b48767df8ce7) Importer(815301076,1909f56bfc062723c751e8b465ee728b)  -> (artifact id: 'c1ee727098c950d252871b68a795a178') in 0.004170 seconds
  Import took 0.008766 seconds .

========================================================================
Received Prepare
Registering precompiled user dll's ...
Registered in 0.003416 seconds.
Begin MonoManager ReloadAssembly
Native extension for WindowsStandalone target not found
Refreshing native plugins compatible for Editor in 0.29 ms, found 0 plugins.
Preloading 0 native plugins for Editor in 0.00 ms.
Invoked RoslynAnalysisRunner static constructor.
RoslynAnalysisRunner will not be running.
RoslynAnalysisRunner has terminated.
Mono: successfully reloaded assembly
- Completed reload, in  0.768 seconds
Platform modules already initialized, skipping
Refreshing native plugins compatible for Editor in 0.32 ms, found 0 plugins.
Preloading 0 native plugins for Editor in 0.00 ms.
Unloading 1474 Unused Serialized files (Serialized files now loaded: 0)
System memory in use before: 73.4 MB.
System memory in use after: 73.4 MB.

Unloading 13 unused Assets to reduce memory usage. Loaded Objects now: 1950.
Total: 1.537000 ms (FindLiveObjects: 0.149400 ms CreateObjectMapping: 0.044300 ms MarkObjects: 1.294800 ms  DeleteObjects: 0.047400 ms)

========================================================================
Received Import Request.
  Time since last request: 25.517243 seconds.
  path: Assets/Sci-Fi Multiplayer/Prefabs/Player.prefab
  artifactKey: Guid(bc5ff05ef45fb8741a6261ccee7f8bd9) Importer(815301076,1909f56bfc062723c751e8b465ee728b)
Start importing Assets/Sci-Fi Multiplayer/Prefabs/Player.prefab using Guid(bc5ff05ef45fb8741a6261ccee7f8bd9) Importer(815301076,1909f56bfc062723c751e8b465ee728b)  -> (artifact id: '74480d9a6777efb3beae226e3f6fc1f2') in 0.069924 seconds
  Import took 0.075520 seconds .

========================================================================
Received Import Request.
  Time since last request: 10.577416 seconds.
  path: Assets/Sci-Fi Multiplayer/Prefabs/Player.prefab
  artifactKey: Guid(bc5ff05ef45fb8741a6261ccee7f8bd9) Importer(815301076,1909f56bfc062723c751e8b465ee728b)
Start importing Assets/Sci-Fi Multiplayer/Prefabs/Player.prefab using Guid(bc5ff05ef45fb8741a6261ccee7f8bd9) Importer(815301076,1909f56bfc062723c751e8b465ee728b)  -> (artifact id: '16df0c21bb6f96c252c6ad4753655c0a') in 0.023635 seconds
  Import took 0.028582 seconds .

========================================================================
Received Import Request.
  Time since last request: 4.908724 seconds.
  path: Assets/Sci-Fi Multiplayer/Prefabs/Player.prefab
  artifactKey: Guid(bc5ff05ef45fb8741a6261ccee7f8bd9) Importer(815301076,1909f56bfc062723c751e8b465ee728b)
Start importing Assets/Sci-Fi Multiplayer/Prefabs/Player.prefab using Guid(bc5ff05ef45fb8741a6261ccee7f8bd9) Importer(815301076,1909f56bfc062723c751e8b465ee728b)  -> (artifact id: '87a5005bbfc91ead0021aae000c6b47d') in 0.035828 seconds
  Import took 0.043774 seconds .

========================================================================
Received Import Request.
  Time since last request: 49.084014 seconds.
  path: Assets/Sci-Fi Multiplayer/Prefabs/Player.prefab
  artifactKey: Guid(bc5ff05ef45fb8741a6261ccee7f8bd9) Importer(815301076,1909f56bfc062723c751e8b465ee728b)
Start importing Assets/Sci-Fi Multiplayer/Prefabs/Player.prefab using Guid(bc5ff05ef45fb8741a6261ccee7f8bd9) Importer(815301076,1909f56bfc062723c751e8b465ee728b)  -> (artifact id: 'ec78d9ade80c3007c85a6f57836ac4b0') in 0.029695 seconds
  Import took 0.035308 seconds .

========================================================================
Received Prepare
Refreshing native plugins compatible for Editor in 2.47 ms, found 0 plugins.
Preloading 0 native plugins for Editor in 0.00 ms.
Unloading 11 Unused Serialized files (Serialized files now loaded: 0)
System memory in use before: 44.5 MB.
System memory in use after: 44.6 MB.

Unloading 12 unused Assets to reduce memory usage. Loaded Objects now: 1951.
Total: 2.644500 ms (FindLiveObjects: 0.159600 ms CreateObjectMapping: 0.060400 ms MarkObjects: 2.356500 ms  DeleteObjects: 0.066600 ms)

========================================================================
Received Import Request.
  Time since last request: 215.931865 seconds.
  path: Assets/Sci-Fi Multiplayer/Prefabs/Vehicles
  artifactKey: Guid(ecb70f652f8a5044d9811bc79b0e03e7) Importer(815301076,1909f56bfc062723c751e8b465ee728b)
Start importing Assets/Sci-Fi Multiplayer/Prefabs/Vehicles using Guid(ecb70f652f8a5044d9811bc79b0e03e7) Importer(815301076,1909f56bfc062723c751e8b465ee728b)  -> (artifact id: '3dc300023ece150ce3428be8f893db70') in 0.009494 seconds
  Import took 0.012237 seconds .

========================================================================
Received Import Request.
  Time since last request: 0.071616 seconds.
  path: Assets/Sci-Fi Multiplayer/Prefabs/Vehicles/Vehicle 1.prefab
  artifactKey: Guid(4ed65d69118f9cb448d34999c1c7789d) Importer(815301076,1909f56bfc062723c751e8b465ee728b)
Start importing Assets/Sci-Fi Multiplayer/Prefabs/Vehicles/Vehicle 1.prefab using Guid(4ed65d69118f9cb448d34999c1c7789d) Importer(815301076,1909f56bfc062723c751e8b465ee728b)  -> (artifact id: 'cc7337a906344520202770882e117793') in 0.598853 seconds
  Import took 0.603582 seconds .

========================================================================
Received Import Request.
  Time since last request: 0.000267 seconds.
  path: Assets/Sci-Fi Multiplayer/Prefabs/Vehicles/Vehicle 2.prefab
  artifactKey: Guid(fd741faad8eb1014cbe3325f2d93158b) Importer(815301076,1909f56bfc062723c751e8b465ee728b)
Start importing Assets/Sci-Fi Multiplayer/Prefabs/Vehicles/Vehicle 2.prefab using Guid(fd741faad8eb1014cbe3325f2d93158b) Importer(815301076,1909f56bfc062723c751e8b465ee728b)  -> (artifact id: '887e84fae6cff998a71587c2d06ea35c') in 0.500586 seconds
  Import took 0.504969 seconds .

========================================================================
Received Import Request.
  Time since last request: 0.000294 seconds.
  path: Assets/Sci-Fi Multiplayer/Prefabs/Vehicles/Vehicle 3.prefab
  artifactKey: Guid(b93ee73748e1f474f82d943121e15385) Importer(815301076,1909f56bfc062723c751e8b465ee728b)
Start importing Assets/Sci-Fi Multiplayer/Prefabs/Vehicles/Vehicle 3.prefab using Guid(b93ee73748e1f474f82d943121e15385) Importer(815301076,1909f56bfc062723c751e8b465ee728b)  -> (artifact id: '788cc7c25df4da7a6d43b08177f09f89') in 0.344646 seconds
  Import took 0.349836 seconds .

========================================================================
Received Prepare
Registering precompiled user dll's ...
Registered in 0.003083 seconds.
Begin MonoManager ReloadAssembly
Native extension for WindowsStandalone target not found
Refreshing native plugins compatible for Editor in 0.56 ms, found 0 plugins.
Preloading 0 native plugins for Editor in 0.00 ms.
Invoked RoslynAnalysisRunner static constructor.
RoslynAnalysisRunner will not be running.
RoslynAnalysisRunner has terminated.
Mono: successfully reloaded assembly
- Completed reload, in  0.816 seconds
Platform modules already initialized, skipping
Refreshing native plugins compatible for Editor in 0.36 ms, found 0 plugins.
Preloading 0 native plugins for Editor in 0.00 ms.
Unloading 1474 Unused Serialized files (Serialized files now loaded: 0)
System memory in use before: 73.3 MB.
System memory in use after: 73.4 MB.

Unloading 13 unused Assets to reduce memory usage. Loaded Objects now: 1954.
Total: 1.627100 ms (FindLiveObjects: 0.134400 ms CreateObjectMapping: 0.045200 ms MarkObjects: 1.361000 ms  DeleteObjects: 0.085600 ms)

AssetImportWorkerClient::OnTransportError - code=2 error=End of file
